<?xml version="1.0" encoding="UTF-8"?>
<!-- Generated by org.testng.reporters.JUnitReportReporter -->
<testsuite hostname="DESKTOP-HIU8CH7" failures="0" tests="1" name="qedge.AppTest" time="0.049" errors="0" timestamp="2024-02-26T18:28:43 IST" skipped="0">
  <testcase classname="qedge.AppTest" name="shouldAnswerWithTrue" time="0.049"/>
</testsuite> <!-- qedge.AppTest -->
